<?xml version="1.0" encoding="UTF-8"?>
<!-- Generated by org.testng.reporters.JUnitReportReporter -->
<testsuite skipped="0" hostname="pavan" name="com.flipkart.testcases.MobileSearchPageTest" tests="1" failures="0" timestamp="2020-05-31T20:22:19 IST" time="33.925" errors="0">
  <testcase name="TestCase" time="33.925" classname="com.flipkart.testcases.MobileSearchPageTest"/>
  <system-out/>
</testsuite> <!-- com.flipkart.testcases.MobileSearchPageTest -->
