<?xml version="1.0" encoding="UTF-8"?>
<!-- Generated by org.testng.reporters.JUnitReportReporter -->
<testsuite skipped="0" hostname="pavan" name="com.flipkart.testcases.MobileSearchPageTest" tests="1" failures="0" timestamp="2020-06-02T01:46:02 IST" time="41.264" errors="0">
  <testcase name="TestCase" time="41.264" classname="com.flipkart.testcases.MobileSearchPageTest"/>
  <system-out/>
</testsuite> <!-- com.flipkart.testcases.MobileSearchPageTest -->
